build/app/intermediates/manifest_merge_blame_file/release/processReleaseMainManifest/manifest-merger-blame-release-report.txt
1<?xml version="1.0" encoding="utf-8"?>
2<manifest xmlns:android="http://schemas.android.com/apk/res/android"
3    package="com.example.ainfra"
4    android:versionCode="1"
5    android:versionName="1.0.0" >
6
7    <uses-sdk
8        android:minSdkVersion="23"
9        android:targetSdkVersion="35" />
10    <!--
11         Required to query activities that can process text, see:
12         https://developer.android.com/training/package-visibility and
13         https://developer.android.com/reference/android/content/Intent#ACTION_PROCESS_TEXT.
14
15         In particular, this is used by the Flutter engine in io.flutter.plugin.text.ProcessTextPlugin.
16    -->
17    <queries>
17-->src\main\AndroidManifest.xml:39:5-44:15
18        <intent>
18-->src\main\AndroidManifest.xml:40:9-43:18
19            <action android:name="android.intent.action.PROCESS_TEXT" />
19-->src\main\AndroidManifest.xml:41:13-72
19-->src\main\AndroidManifest.xml:41:21-70
20
21            <data android:mimeType="text/plain" />
21-->src\main\AndroidManifest.xml:42:13-50
21-->src\main\AndroidManifest.xml:42:19-48
22        </intent>
23    </queries>
24
25    <uses-feature
25-->[com.naver.maps:map-sdk:3.21.0] AndroidManifest.xml:7:5-9:35
26        android:glEsVersion="0x00020000"
26-->[com.naver.maps:map-sdk:3.21.0] AndroidManifest.xml:8:9-41
27        android:required="true" />
27-->[com.naver.maps:map-sdk:3.21.0] AndroidManifest.xml:9:9-32
28    <uses-feature
28-->[com.naver.maps:map-sdk:3.21.0] AndroidManifest.xml:10:5-12:36
29        android:name="android.hardware.wifi"
29-->[com.naver.maps:map-sdk:3.21.0] AndroidManifest.xml:11:9-45
30        android:required="false" />
30-->[com.naver.maps:map-sdk:3.21.0] AndroidManifest.xml:12:9-33
31
32    <uses-permission android:name="android.permission.INTERNET" />
32-->[com.naver.maps:map-sdk:3.21.0] AndroidManifest.xml:14:5-67
32-->[com.naver.maps:map-sdk:3.21.0] AndroidManifest.xml:14:22-64
33    <uses-permission android:name="android.permission.ACCESS_NETWORK_STATE" />
33-->[com.naver.maps:map-sdk:3.21.0] AndroidManifest.xml:15:5-79
33-->[com.naver.maps:map-sdk:3.21.0] AndroidManifest.xml:15:22-76
34    <uses-permission android:name="android.permission.ACCESS_WIFI_STATE" />
34-->[com.naver.maps:map-sdk:3.21.0] AndroidManifest.xml:16:5-76
34-->[com.naver.maps:map-sdk:3.21.0] AndroidManifest.xml:16:22-73
35    <uses-permission android:name="com.google.android.providers.gsf.permission.READ_GSERVICES" />
35-->[com.google.android.recaptcha:recaptcha:18.6.1] AndroidManifest.xml:9:5-98
35-->[com.google.android.recaptcha:recaptcha:18.6.1] AndroidManifest.xml:9:22-95
36
37    <permission
37-->[androidx.core:core:1.16.0] AndroidManifest.xml:22:5-24:47
38        android:name="com.example.ainfra.DYNAMIC_RECEIVER_NOT_EXPORTED_PERMISSION"
38-->[androidx.core:core:1.16.0] AndroidManifest.xml:23:9-81
39        android:protectionLevel="signature" />
39-->[androidx.core:core:1.16.0] AndroidManifest.xml:24:9-44
40
41    <uses-permission android:name="com.example.ainfra.DYNAMIC_RECEIVER_NOT_EXPORTED_PERMISSION" />
41-->[androidx.core:core:1.16.0] AndroidManifest.xml:26:5-97
41-->[androidx.core:core:1.16.0] AndroidManifest.xml:26:22-94
42
43    <application
44        android:name="android.app.Application"
44-->src\main\AndroidManifest.xml:4:9-42
45        android:appComponentFactory="androidx.core.app.CoreComponentFactory"
45-->[androidx.core:core:1.16.0] AndroidManifest.xml:28:18-86
46        android:extractNativeLibs="false"
47        android:icon="@mipmap/ic_launcher"
47-->src\main\AndroidManifest.xml:5:9-43
48        android:label="ai_n_fra" >
48-->src\main\AndroidManifest.xml:3:9-33
49        <activity
49-->src\main\AndroidManifest.xml:6:9-27:20
50            android:name="com.example.ai_n_fra.MainActivity"
50-->src\main\AndroidManifest.xml:7:13-41
51            android:configChanges="orientation|keyboardHidden|keyboard|screenSize|smallestScreenSize|locale|layoutDirection|fontScale|screenLayout|density|uiMode"
51-->src\main\AndroidManifest.xml:12:13-163
52            android:exported="true"
52-->src\main\AndroidManifest.xml:8:13-36
53            android:hardwareAccelerated="true"
53-->src\main\AndroidManifest.xml:13:13-47
54            android:launchMode="singleTop"
54-->src\main\AndroidManifest.xml:9:13-43
55            android:taskAffinity=""
55-->src\main\AndroidManifest.xml:10:13-36
56            android:theme="@style/LaunchTheme"
56-->src\main\AndroidManifest.xml:11:13-47
57            android:windowSoftInputMode="adjustResize" >
57-->src\main\AndroidManifest.xml:14:13-55
58
59            <!--
60                 Specifies an Android theme to apply to this Activity as soon as
61                 the Android process has started. This theme is visible to the user
62                 while the Flutter UI initializes. After that, this theme continues
63                 to determine the Window background behind the Flutter UI.
64            -->
65            <meta-data
65-->src\main\AndroidManifest.xml:19:13-22:17
66                android:name="io.flutter.embedding.android.NormalTheme"
66-->src\main\AndroidManifest.xml:20:15-70
67                android:resource="@style/NormalTheme" />
67-->src\main\AndroidManifest.xml:21:15-52
68
69            <intent-filter>
69-->src\main\AndroidManifest.xml:23:13-26:29
70                <action android:name="android.intent.action.MAIN" />
70-->src\main\AndroidManifest.xml:24:17-68
70-->src\main\AndroidManifest.xml:24:25-66
71
72                <category android:name="android.intent.category.LAUNCHER" />
72-->src\main\AndroidManifest.xml:25:17-76
72-->src\main\AndroidManifest.xml:25:27-74
73            </intent-filter>
74        </activity>
75        <!--
76             Don't delete the meta-data below.
77             This is used by the Flutter tool to generate GeneratedPluginRegistrant.java
78        -->
79        <meta-data
79-->src\main\AndroidManifest.xml:30:9-32:33
80            android:name="flutterEmbedding"
80-->src\main\AndroidManifest.xml:31:13-44
81            android:value="2" />
81-->src\main\AndroidManifest.xml:32:13-30
82
83        <activity
83-->[com.naver.maps:map-sdk:3.21.0] AndroidManifest.xml:19:9-23:51
84            android:name="com.naver.maps.map.app.LegendActivity"
84-->[com.naver.maps:map-sdk:3.21.0] AndroidManifest.xml:20:13-65
85            android:configChanges="screenSize|smallestScreenSize|screenLayout|orientation"
85-->[com.naver.maps:map-sdk:3.21.0] AndroidManifest.xml:21:13-91
86            android:label="@string/navermap_legend"
86-->[com.naver.maps:map-sdk:3.21.0] AndroidManifest.xml:22:13-52
87            android:theme="@style/navermap_app" />
87-->[com.naver.maps:map-sdk:3.21.0] AndroidManifest.xml:23:13-48
88        <activity
88-->[com.naver.maps:map-sdk:3.21.0] AndroidManifest.xml:24:9-28:51
89            android:name="com.naver.maps.map.app.LegalNoticeActivity"
89-->[com.naver.maps:map-sdk:3.21.0] AndroidManifest.xml:25:13-70
90            android:configChanges="screenSize|smallestScreenSize|screenLayout|orientation"
90-->[com.naver.maps:map-sdk:3.21.0] AndroidManifest.xml:26:13-91
91            android:label="@string/navermap_legal_notice"
91-->[com.naver.maps:map-sdk:3.21.0] AndroidManifest.xml:27:13-58
92            android:theme="@style/navermap_app" />
92-->[com.naver.maps:map-sdk:3.21.0] AndroidManifest.xml:28:13-48
93        <activity
93-->[com.naver.maps:map-sdk:3.21.0] AndroidManifest.xml:29:9-33:51
94            android:name="com.naver.maps.map.app.OpenSourceLicenseActivity"
94-->[com.naver.maps:map-sdk:3.21.0] AndroidManifest.xml:30:13-76
95            android:configChanges="screenSize|smallestScreenSize|screenLayout|orientation"
95-->[com.naver.maps:map-sdk:3.21.0] AndroidManifest.xml:31:13-91
96            android:label="@string/navermap_open_source_license"
96-->[com.naver.maps:map-sdk:3.21.0] AndroidManifest.xml:32:13-65
97            android:theme="@style/navermap_app" />
97-->[com.naver.maps:map-sdk:3.21.0] AndroidManifest.xml:33:13-48
98
99        <service
99-->[:geolocator_android] AndroidManifest.xml:8:9-12:56
100            android:name="com.baseflow.geolocator.GeolocatorLocationService"
100-->[:geolocator_android] AndroidManifest.xml:9:13-77
101            android:enabled="true"
101-->[:geolocator_android] AndroidManifest.xml:10:13-35
102            android:exported="false"
102-->[:geolocator_android] AndroidManifest.xml:11:13-37
103            android:foregroundServiceType="location" />
103-->[:geolocator_android] AndroidManifest.xml:12:13-53
104        <service
104-->[:cloud_firestore] AndroidManifest.xml:8:9-12:19
105            android:name="com.google.firebase.components.ComponentDiscoveryService"
105-->[:cloud_firestore] AndroidManifest.xml:8:18-89
106            android:directBootAware="true"
106-->[com.google.firebase:firebase-common:21.0.0] AndroidManifest.xml:32:13-43
107            android:exported="false" >
107-->[com.google.firebase:firebase-database:21.0.0] AndroidManifest.xml:28:13-37
108            <meta-data
108-->[:cloud_firestore] AndroidManifest.xml:9:13-11:85
109                android:name="com.google.firebase.components:io.flutter.plugins.firebase.firestore.FlutterFirebaseFirestoreRegistrar"
109-->[:cloud_firestore] AndroidManifest.xml:10:17-134
110                android:value="com.google.firebase.components.ComponentRegistrar" />
110-->[:cloud_firestore] AndroidManifest.xml:11:17-82
111            <meta-data
111-->[:firebase_auth] AndroidManifest.xml:9:13-11:85
112                android:name="com.google.firebase.components:io.flutter.plugins.firebase.auth.FlutterFirebaseAuthRegistrar"
112-->[:firebase_auth] AndroidManifest.xml:10:17-124
113                android:value="com.google.firebase.components.ComponentRegistrar" />
113-->[:firebase_auth] AndroidManifest.xml:11:17-82
114            <meta-data
114-->[:firebase_database] AndroidManifest.xml:9:13-11:85
115                android:name="com.google.firebase.components:io.flutter.plugins.firebase.database.FlutterFirebaseAppRegistrar"
115-->[:firebase_database] AndroidManifest.xml:10:17-127
116                android:value="com.google.firebase.components.ComponentRegistrar" />
116-->[:firebase_database] AndroidManifest.xml:11:17-82
117            <meta-data
117-->[:firebase_storage] AndroidManifest.xml:9:13-11:85
118                android:name="com.google.firebase.components:io.flutter.plugins.firebase.storage.FlutterFirebaseAppRegistrar"
118-->[:firebase_storage] AndroidManifest.xml:10:17-126
119                android:value="com.google.firebase.components.ComponentRegistrar" />
119-->[:firebase_storage] AndroidManifest.xml:11:17-82
120            <meta-data
120-->[:firebase_core] AndroidManifest.xml:9:13-11:85
121                android:name="com.google.firebase.components:io.flutter.plugins.firebase.core.FlutterFirebaseCoreRegistrar"
121-->[:firebase_core] AndroidManifest.xml:10:17-124
122                android:value="com.google.firebase.components.ComponentRegistrar" />
122-->[:firebase_core] AndroidManifest.xml:11:17-82
123            <meta-data
123-->[com.google.firebase:firebase-database:21.0.0] AndroidManifest.xml:29:13-31:85
124                android:name="com.google.firebase.components:com.google.firebase.database.FirebaseDatabaseKtxRegistrar"
124-->[com.google.firebase:firebase-database:21.0.0] AndroidManifest.xml:30:17-120
125                android:value="com.google.firebase.components.ComponentRegistrar" />
125-->[com.google.firebase:firebase-database:21.0.0] AndroidManifest.xml:31:17-82
126            <meta-data
126-->[com.google.firebase:firebase-database:21.0.0] AndroidManifest.xml:32:13-34:85
127                android:name="com.google.firebase.components:com.google.firebase.database.DatabaseRegistrar"
127-->[com.google.firebase:firebase-database:21.0.0] AndroidManifest.xml:33:17-109
128                android:value="com.google.firebase.components.ComponentRegistrar" />
128-->[com.google.firebase:firebase-database:21.0.0] AndroidManifest.xml:34:17-82
129            <meta-data
129-->[com.google.firebase:firebase-firestore:25.1.3] AndroidManifest.xml:17:13-19:85
130                android:name="com.google.firebase.components:com.google.firebase.firestore.FirebaseFirestoreKtxRegistrar"
130-->[com.google.firebase:firebase-firestore:25.1.3] AndroidManifest.xml:18:17-122
131                android:value="com.google.firebase.components.ComponentRegistrar" />
131-->[com.google.firebase:firebase-firestore:25.1.3] AndroidManifest.xml:19:17-82
132            <meta-data
132-->[com.google.firebase:firebase-firestore:25.1.3] AndroidManifest.xml:20:13-22:85
133                android:name="com.google.firebase.components:com.google.firebase.firestore.FirestoreRegistrar"
133-->[com.google.firebase:firebase-firestore:25.1.3] AndroidManifest.xml:21:17-111
134                android:value="com.google.firebase.components.ComponentRegistrar" />
134-->[com.google.firebase:firebase-firestore:25.1.3] AndroidManifest.xml:22:17-82
135            <meta-data
135-->[com.google.firebase:firebase-storage:21.0.1] AndroidManifest.xml:30:13-32:85
136                android:name="com.google.firebase.components:com.google.firebase.storage.FirebaseStorageKtxRegistrar"
136-->[com.google.firebase:firebase-storage:21.0.1] AndroidManifest.xml:31:17-118
137                android:value="com.google.firebase.components.ComponentRegistrar" />
137-->[com.google.firebase:firebase-storage:21.0.1] AndroidManifest.xml:32:17-82
138            <meta-data
138-->[com.google.firebase:firebase-storage:21.0.1] AndroidManifest.xml:33:13-35:85
139                android:name="com.google.firebase.components:com.google.firebase.storage.StorageRegistrar"
139-->[com.google.firebase:firebase-storage:21.0.1] AndroidManifest.xml:34:17-107
140                android:value="com.google.firebase.components.ComponentRegistrar" />
140-->[com.google.firebase:firebase-storage:21.0.1] AndroidManifest.xml:35:17-82
141            <meta-data
141-->[com.google.firebase:firebase-auth:23.2.0] AndroidManifest.xml:69:13-71:85
142                android:name="com.google.firebase.components:com.google.firebase.auth.FirebaseAuthRegistrar"
142-->[com.google.firebase:firebase-auth:23.2.0] AndroidManifest.xml:70:17-109
143                android:value="com.google.firebase.components.ComponentRegistrar" />
143-->[com.google.firebase:firebase-auth:23.2.0] AndroidManifest.xml:71:17-82
144            <meta-data
144-->[com.google.firebase:firebase-appcheck:18.0.0] AndroidManifest.xml:25:13-27:85
145                android:name="com.google.firebase.components:com.google.firebase.appcheck.FirebaseAppCheckKtxRegistrar"
145-->[com.google.firebase:firebase-appcheck:18.0.0] AndroidManifest.xml:26:17-120
146                android:value="com.google.firebase.components.ComponentRegistrar" />
146-->[com.google.firebase:firebase-appcheck:18.0.0] AndroidManifest.xml:27:17-82
147            <meta-data
147-->[com.google.firebase:firebase-appcheck:18.0.0] AndroidManifest.xml:28:13-30:85
148                android:name="com.google.firebase.components:com.google.firebase.appcheck.FirebaseAppCheckRegistrar"
148-->[com.google.firebase:firebase-appcheck:18.0.0] AndroidManifest.xml:29:17-117
149                android:value="com.google.firebase.components.ComponentRegistrar" />
149-->[com.google.firebase:firebase-appcheck:18.0.0] AndroidManifest.xml:30:17-82
150            <meta-data
150-->[com.google.firebase:firebase-common-ktx:21.0.0] AndroidManifest.xml:12:13-14:85
151                android:name="com.google.firebase.components:com.google.firebase.ktx.FirebaseCommonLegacyRegistrar"
151-->[com.google.firebase:firebase-common-ktx:21.0.0] AndroidManifest.xml:13:17-116
152                android:value="com.google.firebase.components.ComponentRegistrar" />
152-->[com.google.firebase:firebase-common-ktx:21.0.0] AndroidManifest.xml:14:17-82
153            <meta-data
153-->[com.google.firebase:firebase-common:21.0.0] AndroidManifest.xml:35:13-37:85
154                android:name="com.google.firebase.components:com.google.firebase.FirebaseCommonKtxRegistrar"
154-->[com.google.firebase:firebase-common:21.0.0] AndroidManifest.xml:36:17-109
155                android:value="com.google.firebase.components.ComponentRegistrar" />
155-->[com.google.firebase:firebase-common:21.0.0] AndroidManifest.xml:37:17-82
156        </service>
157
158        <uses-library
158-->[androidx.window:window:1.2.0] AndroidManifest.xml:23:9-25:40
159            android:name="androidx.window.extensions"
159-->[androidx.window:window:1.2.0] AndroidManifest.xml:24:13-54
160            android:required="false" />
160-->[androidx.window:window:1.2.0] AndroidManifest.xml:25:13-37
161        <uses-library
161-->[androidx.window:window:1.2.0] AndroidManifest.xml:26:9-28:40
162            android:name="androidx.window.sidecar"
162-->[androidx.window:window:1.2.0] AndroidManifest.xml:27:13-51
163            android:required="false" />
163-->[androidx.window:window:1.2.0] AndroidManifest.xml:28:13-37
164
165        <activity
165-->[com.google.firebase:firebase-auth:23.2.0] AndroidManifest.xml:29:9-46:20
166            android:name="com.google.firebase.auth.internal.GenericIdpActivity"
166-->[com.google.firebase:firebase-auth:23.2.0] AndroidManifest.xml:30:13-80
167            android:excludeFromRecents="true"
167-->[com.google.firebase:firebase-auth:23.2.0] AndroidManifest.xml:31:13-46
168            android:exported="true"
168-->[com.google.firebase:firebase-auth:23.2.0] AndroidManifest.xml:32:13-36
169            android:launchMode="singleTask"
169-->[com.google.firebase:firebase-auth:23.2.0] AndroidManifest.xml:33:13-44
170            android:theme="@android:style/Theme.Translucent.NoTitleBar" >
170-->[com.google.firebase:firebase-auth:23.2.0] AndroidManifest.xml:34:13-72
171            <intent-filter>
171-->[com.google.firebase:firebase-auth:23.2.0] AndroidManifest.xml:35:13-45:29
172                <action android:name="android.intent.action.VIEW" />
172-->[com.google.firebase:firebase-auth:23.2.0] AndroidManifest.xml:36:17-69
172-->[com.google.firebase:firebase-auth:23.2.0] AndroidManifest.xml:36:25-66
173
174                <category android:name="android.intent.category.DEFAULT" />
174-->[com.google.firebase:firebase-auth:23.2.0] AndroidManifest.xml:38:17-76
174-->[com.google.firebase:firebase-auth:23.2.0] AndroidManifest.xml:38:27-73
175                <category android:name="android.intent.category.BROWSABLE" />
175-->[com.google.firebase:firebase-auth:23.2.0] AndroidManifest.xml:39:17-78
175-->[com.google.firebase:firebase-auth:23.2.0] AndroidManifest.xml:39:27-75
176
177                <data
177-->src\main\AndroidManifest.xml:42:13-50
178                    android:host="firebase.auth"
179                    android:path="/"
180                    android:scheme="genericidp" />
181            </intent-filter>
182        </activity>
183        <activity
183-->[com.google.firebase:firebase-auth:23.2.0] AndroidManifest.xml:47:9-64:20
184            android:name="com.google.firebase.auth.internal.RecaptchaActivity"
184-->[com.google.firebase:firebase-auth:23.2.0] AndroidManifest.xml:48:13-79
185            android:excludeFromRecents="true"
185-->[com.google.firebase:firebase-auth:23.2.0] AndroidManifest.xml:49:13-46
186            android:exported="true"
186-->[com.google.firebase:firebase-auth:23.2.0] AndroidManifest.xml:50:13-36
187            android:launchMode="singleTask"
187-->[com.google.firebase:firebase-auth:23.2.0] AndroidManifest.xml:51:13-44
188            android:theme="@android:style/Theme.Translucent.NoTitleBar" >
188-->[com.google.firebase:firebase-auth:23.2.0] AndroidManifest.xml:52:13-72
189            <intent-filter>
189-->[com.google.firebase:firebase-auth:23.2.0] AndroidManifest.xml:53:13-63:29
190                <action android:name="android.intent.action.VIEW" />
190-->[com.google.firebase:firebase-auth:23.2.0] AndroidManifest.xml:36:17-69
190-->[com.google.firebase:firebase-auth:23.2.0] AndroidManifest.xml:36:25-66
191
192                <category android:name="android.intent.category.DEFAULT" />
192-->[com.google.firebase:firebase-auth:23.2.0] AndroidManifest.xml:38:17-76
192-->[com.google.firebase:firebase-auth:23.2.0] AndroidManifest.xml:38:27-73
193                <category android:name="android.intent.category.BROWSABLE" />
193-->[com.google.firebase:firebase-auth:23.2.0] AndroidManifest.xml:39:17-78
193-->[com.google.firebase:firebase-auth:23.2.0] AndroidManifest.xml:39:27-75
194
195                <data
195-->src\main\AndroidManifest.xml:42:13-50
196                    android:host="firebase.auth"
197                    android:path="/"
198                    android:scheme="recaptcha" />
199            </intent-filter>
200        </activity>
201
202        <service
202-->[androidx.credentials:credentials-play-services-auth:1.2.0-rc01] AndroidManifest.xml:24:9-32:19
203            android:name="androidx.credentials.playservices.CredentialProviderMetadataHolder"
203-->[androidx.credentials:credentials-play-services-auth:1.2.0-rc01] AndroidManifest.xml:25:13-94
204            android:enabled="true"
204-->[androidx.credentials:credentials-play-services-auth:1.2.0-rc01] AndroidManifest.xml:26:13-35
205            android:exported="false" >
205-->[androidx.credentials:credentials-play-services-auth:1.2.0-rc01] AndroidManifest.xml:27:13-37
206            <meta-data
206-->[androidx.credentials:credentials-play-services-auth:1.2.0-rc01] AndroidManifest.xml:29:13-31:104
207                android:name="androidx.credentials.CREDENTIAL_PROVIDER_KEY"
207-->[androidx.credentials:credentials-play-services-auth:1.2.0-rc01] AndroidManifest.xml:30:17-76
208                android:value="androidx.credentials.playservices.CredentialProviderPlayServicesImpl" />
208-->[androidx.credentials:credentials-play-services-auth:1.2.0-rc01] AndroidManifest.xml:31:17-101
209        </service>
210
211        <activity
211-->[androidx.credentials:credentials-play-services-auth:1.2.0-rc01] AndroidManifest.xml:34:9-41:20
212            android:name="androidx.credentials.playservices.HiddenActivity"
212-->[androidx.credentials:credentials-play-services-auth:1.2.0-rc01] AndroidManifest.xml:35:13-76
213            android:configChanges="orientation|screenSize|screenLayout|keyboardHidden"
213-->[androidx.credentials:credentials-play-services-auth:1.2.0-rc01] AndroidManifest.xml:36:13-87
214            android:enabled="true"
214-->[androidx.credentials:credentials-play-services-auth:1.2.0-rc01] AndroidManifest.xml:37:13-35
215            android:exported="false"
215-->[androidx.credentials:credentials-play-services-auth:1.2.0-rc01] AndroidManifest.xml:38:13-37
216            android:fitsSystemWindows="true"
216-->[androidx.credentials:credentials-play-services-auth:1.2.0-rc01] AndroidManifest.xml:39:13-45
217            android:theme="@style/Theme.Hidden" >
217-->[androidx.credentials:credentials-play-services-auth:1.2.0-rc01] AndroidManifest.xml:40:13-48
218        </activity>
219        <activity
219-->[com.google.android.gms:play-services-auth:20.7.0] AndroidManifest.xml:23:9-27:75
220            android:name="com.google.android.gms.auth.api.signin.internal.SignInHubActivity"
220-->[com.google.android.gms:play-services-auth:20.7.0] AndroidManifest.xml:24:13-93
221            android:excludeFromRecents="true"
221-->[com.google.android.gms:play-services-auth:20.7.0] AndroidManifest.xml:25:13-46
222            android:exported="false"
222-->[com.google.android.gms:play-services-auth:20.7.0] AndroidManifest.xml:26:13-37
223            android:theme="@android:style/Theme.Translucent.NoTitleBar" />
223-->[com.google.android.gms:play-services-auth:20.7.0] AndroidManifest.xml:27:13-72
224        <!--
225            Service handling Google Sign-In user revocation. For apps that do not integrate with
226            Google Sign-In, this service will never be started.
227        -->
228        <service
228-->[com.google.android.gms:play-services-auth:20.7.0] AndroidManifest.xml:33:9-37:51
229            android:name="com.google.android.gms.auth.api.signin.RevocationBoundService"
229-->[com.google.android.gms:play-services-auth:20.7.0] AndroidManifest.xml:34:13-89
230            android:exported="true"
230-->[com.google.android.gms:play-services-auth:20.7.0] AndroidManifest.xml:35:13-36
231            android:permission="com.google.android.gms.auth.api.signin.permission.REVOCATION_NOTIFICATION"
231-->[com.google.android.gms:play-services-auth:20.7.0] AndroidManifest.xml:36:13-107
232            android:visibleToInstantApps="true" />
232-->[com.google.android.gms:play-services-auth:20.7.0] AndroidManifest.xml:37:13-48
233
234        <activity
234-->[com.google.android.gms:play-services-base:18.3.0] AndroidManifest.xml:20:9-22:45
235            android:name="com.google.android.gms.common.api.GoogleApiActivity"
235-->[com.google.android.gms:play-services-base:18.3.0] AndroidManifest.xml:20:19-85
236            android:exported="false"
236-->[com.google.android.gms:play-services-base:18.3.0] AndroidManifest.xml:22:19-43
237            android:theme="@android:style/Theme.Translucent.NoTitleBar" />
237-->[com.google.android.gms:play-services-base:18.3.0] AndroidManifest.xml:21:19-78
238
239        <provider
239-->[com.google.firebase:firebase-common:21.0.0] AndroidManifest.xml:23:9-28:39
240            android:name="com.google.firebase.provider.FirebaseInitProvider"
240-->[com.google.firebase:firebase-common:21.0.0] AndroidManifest.xml:24:13-77
241            android:authorities="com.example.ainfra.firebaseinitprovider"
241-->[com.google.firebase:firebase-common:21.0.0] AndroidManifest.xml:25:13-72
242            android:directBootAware="true"
242-->[com.google.firebase:firebase-common:21.0.0] AndroidManifest.xml:26:13-43
243            android:exported="false"
243-->[com.google.firebase:firebase-common:21.0.0] AndroidManifest.xml:27:13-37
244            android:initOrder="100" />
244-->[com.google.firebase:firebase-common:21.0.0] AndroidManifest.xml:28:13-36
245
246        <meta-data
246-->[com.google.android.gms:play-services-basement:18.4.0] AndroidManifest.xml:6:9-122
247            android:name="com.google.android.gms.version"
247-->[com.google.android.gms:play-services-basement:18.4.0] AndroidManifest.xml:6:20-65
248            android:value="@integer/google_play_services_version" />
248-->[com.google.android.gms:play-services-basement:18.4.0] AndroidManifest.xml:6:66-119
249
250        <provider
250-->[androidx.emoji2:emoji2:1.3.0] AndroidManifest.xml:24:9-32:20
251            android:name="androidx.startup.InitializationProvider"
251-->[androidx.emoji2:emoji2:1.3.0] AndroidManifest.xml:25:13-67
252            android:authorities="com.example.ainfra.androidx-startup"
252-->[androidx.emoji2:emoji2:1.3.0] AndroidManifest.xml:26:13-68
253            android:exported="false" >
253-->[androidx.emoji2:emoji2:1.3.0] AndroidManifest.xml:27:13-37
254            <meta-data
254-->[androidx.emoji2:emoji2:1.3.0] AndroidManifest.xml:29:13-31:52
255                android:name="androidx.emoji2.text.EmojiCompatInitializer"
255-->[androidx.emoji2:emoji2:1.3.0] AndroidManifest.xml:30:17-75
256                android:value="androidx.startup" />
256-->[androidx.emoji2:emoji2:1.3.0] AndroidManifest.xml:31:17-49
257            <meta-data
257-->[androidx.lifecycle:lifecycle-process:2.7.0] AndroidManifest.xml:29:13-31:52
258                android:name="androidx.lifecycle.ProcessLifecycleInitializer"
258-->[androidx.lifecycle:lifecycle-process:2.7.0] AndroidManifest.xml:30:17-78
259                android:value="androidx.startup" />
259-->[androidx.lifecycle:lifecycle-process:2.7.0] AndroidManifest.xml:31:17-49
260            <meta-data
260-->[androidx.profileinstaller:profileinstaller:1.3.1] AndroidManifest.xml:29:13-31:52
261                android:name="androidx.profileinstaller.ProfileInstallerInitializer"
261-->[androidx.profileinstaller:profileinstaller:1.3.1] AndroidManifest.xml:30:17-85
262                android:value="androidx.startup" />
262-->[androidx.profileinstaller:profileinstaller:1.3.1] AndroidManifest.xml:31:17-49
263        </provider>
264
265        <receiver
265-->[androidx.profileinstaller:profileinstaller:1.3.1] AndroidManifest.xml:34:9-52:20
266            android:name="androidx.profileinstaller.ProfileInstallReceiver"
266-->[androidx.profileinstaller:profileinstaller:1.3.1] AndroidManifest.xml:35:13-76
267            android:directBootAware="false"
267-->[androidx.profileinstaller:profileinstaller:1.3.1] AndroidManifest.xml:36:13-44
268            android:enabled="true"
268-->[androidx.profileinstaller:profileinstaller:1.3.1] AndroidManifest.xml:37:13-35
269            android:exported="true"
269-->[androidx.profileinstaller:profileinstaller:1.3.1] AndroidManifest.xml:38:13-36
270            android:permission="android.permission.DUMP" >
270-->[androidx.profileinstaller:profileinstaller:1.3.1] AndroidManifest.xml:39:13-57
271            <intent-filter>
271-->[androidx.profileinstaller:profileinstaller:1.3.1] AndroidManifest.xml:40:13-42:29
272                <action android:name="androidx.profileinstaller.action.INSTALL_PROFILE" />
272-->[androidx.profileinstaller:profileinstaller:1.3.1] AndroidManifest.xml:41:17-91
272-->[androidx.profileinstaller:profileinstaller:1.3.1] AndroidManifest.xml:41:25-88
273            </intent-filter>
274            <intent-filter>
274-->[androidx.profileinstaller:profileinstaller:1.3.1] AndroidManifest.xml:43:13-45:29
275                <action android:name="androidx.profileinstaller.action.SKIP_FILE" />
275-->[androidx.profileinstaller:profileinstaller:1.3.1] AndroidManifest.xml:44:17-85
275-->[androidx.profileinstaller:profileinstaller:1.3.1] AndroidManifest.xml:44:25-82
276            </intent-filter>
277            <intent-filter>
277-->[androidx.profileinstaller:profileinstaller:1.3.1] AndroidManifest.xml:46:13-48:29
278                <action android:name="androidx.profileinstaller.action.SAVE_PROFILE" />